2020-03-20 10:53:41 [127.0.0.1][2][-][error][yii\i18n\PhpMessageSource::loadFallbackMessages] The message file for category 'app' does not exist: D:\Self\Binyi\common/messages/zh-CN/app.php Fallback file does not exist as well: D:\Self\Binyi\common/messages/zh/app.php
    in D:\Self\Binyi\common\models\User.php:233
    in D:\Self\Binyi\common\models\User.php:295
    in D:\Self\Binyi\backend\controllers\UserController.php:62
2020-03-20 10:53:41 [127.0.0.1][2][-][info][application] $_GET = []

$_POST = []

$_FILES = []

$_COOKIE = [
    'tree-backend' => 'vklhdnglkded8fh3m511tg9gsr'
    'identity' => 'f08c26e0dbea1bedb28538d65a2e9ed0960205861f2503acbae59adbe521035fa:2:{i:0;s:8:\"identity\";i:1;s:46:\"[2,\"cWf0j209RMTPTI0GLnydGGffiEqBMg23\",2592000]\";}'
    '_csrf' => '8aba7b8338766cdcd0f72690f7758010d74ff98e57e9c473fffc76ad56149997a:2:{i:0;s:5:\"_csrf\";i:1;s:32:\"razGZR1LVk9xYW5yu52b0oTYYWTuz_Id\";}'
    'advanced-backend' => '2tp1mt7tj88452fgfqn2i5cie9'
    '_identity-backend' => 'c21560726a1b084fa9b163f4bcfba29a35368c4632e838fb3b5fe5534bc03b83a:2:{i:0;s:17:\"_identity-backend\";i:1;s:46:\"[2,\"cWf0j209RMTPTI0GLnydGGffiEqBMg23\",2592000]\";}'
    '_csrf-backend' => '99aa64a5759818563d078f6b849117a93fbf5f4d17b6a28c56c474dfdfbe9035a:2:{i:0;s:13:\"_csrf-backend\";i:1;s:32:\"IGcnQnDL_81MtVgP-oAS2r9jdtc_lQpu\";}'
]

$_SESSION = [
    '__flash' => []
    '__returnUrl' => 'http://binyin.com/'
    '__id' => 2
]

$_SERVER = [
    'REDIRECT_MIBDIRS' => 'E:/xampp/php/extras/mibs'
    'REDIRECT_MYSQL_HOME' => '\\xampp\\mysql\\bin'
    'REDIRECT_OPENSSL_CONF' => 'E:/xampp/apache/bin/openssl.cnf'
    'REDIRECT_PHP_PEAR_SYSCONF_DIR' => '\\xampp\\php'
    'REDIRECT_PHPRC' => '\\xampp\\php'
    'REDIRECT_TMP' => '\\xampp\\tmp'
    'REDIRECT_STATUS' => '200'
    'MIBDIRS' => 'E:/xampp/php/extras/mibs'
    'MYSQL_HOME' => '\\xampp\\mysql\\bin'
    'OPENSSL_CONF' => 'E:/xampp/apache/bin/openssl.cnf'
    'PHP_PEAR_SYSCONF_DIR' => '\\xampp\\php'
    'PHPRC' => '\\xampp\\php'
    'TMP' => '\\xampp\\tmp'
    'HTTP_HOST' => 'binyin.com'
    'HTTP_CONNECTION' => 'keep-alive'
    'HTTP_PRAGMA' => 'no-cache'
    'HTTP_CACHE_CONTROL' => 'no-cache'
    'HTTP_UPGRADE_INSECURE_REQUESTS' => '1'
    'HTTP_USER_AGENT' => 'Mozilla/5.0 (Windows NT 10.0; Win64; x64) AppleWebKit/537.36 (KHTML, like Gecko) Chrome/80.0.3987.132 Safari/537.36'
    'HTTP_ACCEPT' => 'text/html,application/xhtml+xml,application/xml;q=0.9,image/webp,image/apng,*/*;q=0.8,application/signed-exchange;v=b3;q=0.9'
    'HTTP_REFERER' => 'http://binyin.com/'
    'HTTP_ACCEPT_ENCODING' => 'gzip, deflate'
    'HTTP_ACCEPT_LANGUAGE' => 'zh-CN,zh;q=0.9,en-US;q=0.8,en;q=0.7,zh-TW;q=0.6'
    'HTTP_COOKIE' => 'tree-backend=vklhdnglkded8fh3m511tg9gsr; identity=f08c26e0dbea1bedb28538d65a2e9ed0960205861f2503acbae59adbe521035fa%3A2%3A%7Bi%3A0%3Bs%3A8%3A%22identity%22%3Bi%3A1%3Bs%3A46%3A%22%5B2%2C%22cWf0j209RMTPTI0GLnydGGffiEqBMg23%22%2C2592000%5D%22%3B%7D; _csrf=8aba7b8338766cdcd0f72690f7758010d74ff98e57e9c473fffc76ad56149997a%3A2%3A%7Bi%3A0%3Bs%3A5%3A%22_csrf%22%3Bi%3A1%3Bs%3A32%3A%22razGZR1LVk9xYW5yu52b0oTYYWTuz_Id%22%3B%7D; advanced-backend=2tp1mt7tj88452fgfqn2i5cie9; _identity-backend=c21560726a1b084fa9b163f4bcfba29a35368c4632e838fb3b5fe5534bc03b83a%3A2%3A%7Bi%3A0%3Bs%3A17%3A%22_identity-backend%22%3Bi%3A1%3Bs%3A46%3A%22%5B2%2C%22cWf0j209RMTPTI0GLnydGGffiEqBMg23%22%2C2592000%5D%22%3B%7D; _csrf-backend=99aa64a5759818563d078f6b849117a93fbf5f4d17b6a28c56c474dfdfbe9035a%3A2%3A%7Bi%3A0%3Bs%3A13%3A%22_csrf-backend%22%3Bi%3A1%3Bs%3A32%3A%22IGcnQnDL_81MtVgP-oAS2r9jdtc_lQpu%22%3B%7D'
    'PATH' => 'E:\\Xshell\\;C:\\Program Files (x86)\\Common Files\\Intel\\Shared Libraries\\redist\\intel64\\compiler;C:\\Program Files (x86)\\Intel\\iCLS Client\\;C:\\Program Files\\Intel\\iCLS Client\\;C:\\Windows\\system32;C:\\Windows;C:\\Windows\\System32\\Wbem;C:\\Windows\\System32\\WindowsPowerShell\\v1.0\\;C:\\Program Files (x86)\\Intel\\Intel(R) Management Engine Components\\DAL;C:\\Program Files\\Intel\\Intel(R) Management Engine Components\\DAL;C:\\Program Files (x86)\\Intel\\Intel(R) Management Engine Components\\IPT;C:\\Program Files\\Intel\\Intel(R) Management Engine Components\\IPT;C:\\Program Files (x86)\\NVIDIA Corporation\\PhysX\\Common;C:\\Program Files\\TortoiseSVN\\bin;E:\\xampp\\php;C:\\ProgramData\\ComposerSetup\\bin;C:\\Program Files\\Git\\cmd;C:\\WINDOWS\\system32;C:\\WINDOWS;C:\\WINDOWS\\System32\\Wbem;C:\\WINDOWS\\System32\\WindowsPowerShell\\v1.0\\;E:\\python\\;C:\\WINDOWS\\System32\\OpenSSH\\;E:\\VScode\\bin;C:\\bin;C:\\Users\\Lucifer\\AppData\\Local\\Microsoft\\WindowsApps;E:\\Bandizip\\;C:\\Users\\Lucifer\\AppData\\Roaming\\Composer\\vendor\\bin;E:\\Microsoft VS Code\\bin;C:\\Users\\Lucifer\\go\\bin;E:\\Print Conductor'
    'SystemRoot' => 'C:\\WINDOWS'
    'COMSPEC' => 'C:\\WINDOWS\\system32\\cmd.exe'
    'PATHEXT' => '.COM;.EXE;.BAT;.CMD;.VBS;.VBE;.JS;.JSE;.WSF;.WSH;.MSC'
    'WINDIR' => 'C:\\WINDOWS'
    'SERVER_SIGNATURE' => '<address>Apache/2.4.28 (Win32) OpenSSL/1.0.2l PHP/7.1.10 Server at binyin.com Port 80</address>
'
    'SERVER_SOFTWARE' => 'Apache/2.4.28 (Win32) OpenSSL/1.0.2l PHP/7.1.10'
    'SERVER_NAME' => 'binyin.com'
    'SERVER_ADDR' => '127.0.0.1'
    'SERVER_PORT' => '80'
    'REMOTE_ADDR' => '127.0.0.1'
    'DOCUMENT_ROOT' => 'D:/Self/Binyi/backend/web'
    'REQUEST_SCHEME' => 'http'
    'CONTEXT_PREFIX' => ''
    'CONTEXT_DOCUMENT_ROOT' => 'D:/Self/Binyi/backend/web'
    'SERVER_ADMIN' => 'postmaster@localhost'
    'SCRIPT_FILENAME' => 'D:/Self/Binyi/backend/web/index.php'
    'REMOTE_PORT' => '4216'
    'REDIRECT_URL' => '/user/index'
    'GATEWAY_INTERFACE' => 'CGI/1.1'
    'SERVER_PROTOCOL' => 'HTTP/1.1'
    'REQUEST_METHOD' => 'GET'
    'QUERY_STRING' => ''
    'REQUEST_URI' => '/user/index'
    'SCRIPT_NAME' => '/index.php'
    'PHP_SELF' => '/index.php'
    'REQUEST_TIME_FLOAT' => 1584698021.667
    'REQUEST_TIME' => 1584698021
]
2020-03-20 10:53:45 [127.0.0.1][2][-][error][yii\i18n\PhpMessageSource::loadFallbackMessages] The message file for category 'app' does not exist: D:\Self\Binyi\common/messages/zh-CN/app.php Fallback file does not exist as well: D:\Self\Binyi\common/messages/zh/app.php
    in D:\Self\Binyi\common\models\User.php:233
    in D:\Self\Binyi\common\models\User.php:295
    in D:\Self\Binyi\backend\controllers\UserController.php:62
2020-03-20 10:53:45 [127.0.0.1][2][-][info][application] $_GET = []

$_POST = []

$_FILES = []

$_COOKIE = [
    'tree-backend' => 'vklhdnglkded8fh3m511tg9gsr'
    'identity' => 'f08c26e0dbea1bedb28538d65a2e9ed0960205861f2503acbae59adbe521035fa:2:{i:0;s:8:\"identity\";i:1;s:46:\"[2,\"cWf0j209RMTPTI0GLnydGGffiEqBMg23\",2592000]\";}'
    '_csrf' => '8aba7b8338766cdcd0f72690f7758010d74ff98e57e9c473fffc76ad56149997a:2:{i:0;s:5:\"_csrf\";i:1;s:32:\"razGZR1LVk9xYW5yu52b0oTYYWTuz_Id\";}'
    'advanced-backend' => '2tp1mt7tj88452fgfqn2i5cie9'
    '_identity-backend' => 'c21560726a1b084fa9b163f4bcfba29a35368c4632e838fb3b5fe5534bc03b83a:2:{i:0;s:17:\"_identity-backend\";i:1;s:46:\"[2,\"cWf0j209RMTPTI0GLnydGGffiEqBMg23\",2592000]\";}'
    '_csrf-backend' => '99aa64a5759818563d078f6b849117a93fbf5f4d17b6a28c56c474dfdfbe9035a:2:{i:0;s:13:\"_csrf-backend\";i:1;s:32:\"IGcnQnDL_81MtVgP-oAS2r9jdtc_lQpu\";}'
]

$_SESSION = [
    '__flash' => []
    '__returnUrl' => 'http://binyin.com/'
    '__id' => 2
]

$_SERVER = [
    'REDIRECT_MIBDIRS' => 'E:/xampp/php/extras/mibs'
    'REDIRECT_MYSQL_HOME' => '\\xampp\\mysql\\bin'
    'REDIRECT_OPENSSL_CONF' => 'E:/xampp/apache/bin/openssl.cnf'
    'REDIRECT_PHP_PEAR_SYSCONF_DIR' => '\\xampp\\php'
    'REDIRECT_PHPRC' => '\\xampp\\php'
    'REDIRECT_TMP' => '\\xampp\\tmp'
    'REDIRECT_STATUS' => '200'
    'MIBDIRS' => 'E:/xampp/php/extras/mibs'
    'MYSQL_HOME' => '\\xampp\\mysql\\bin'
    'OPENSSL_CONF' => 'E:/xampp/apache/bin/openssl.cnf'
    'PHP_PEAR_SYSCONF_DIR' => '\\xampp\\php'
    'PHPRC' => '\\xampp\\php'
    'TMP' => '\\xampp\\tmp'
    'HTTP_HOST' => 'binyin.com'
    'HTTP_CONNECTION' => 'keep-alive'
    'HTTP_PRAGMA' => 'no-cache'
    'HTTP_CACHE_CONTROL' => 'no-cache'
    'HTTP_UPGRADE_INSECURE_REQUESTS' => '1'
    'HTTP_USER_AGENT' => 'Mozilla/5.0 (Windows NT 10.0; Win64; x64) AppleWebKit/537.36 (KHTML, like Gecko) Chrome/80.0.3987.132 Safari/537.36'
    'HTTP_ACCEPT' => 'text/html,application/xhtml+xml,application/xml;q=0.9,image/webp,image/apng,*/*;q=0.8,application/signed-exchange;v=b3;q=0.9'
    'HTTP_REFERER' => 'http://binyin.com/'
    'HTTP_ACCEPT_ENCODING' => 'gzip, deflate'
    'HTTP_ACCEPT_LANGUAGE' => 'zh-CN,zh;q=0.9,en-US;q=0.8,en;q=0.7,zh-TW;q=0.6'
    'HTTP_COOKIE' => 'tree-backend=vklhdnglkded8fh3m511tg9gsr; identity=f08c26e0dbea1bedb28538d65a2e9ed0960205861f2503acbae59adbe521035fa%3A2%3A%7Bi%3A0%3Bs%3A8%3A%22identity%22%3Bi%3A1%3Bs%3A46%3A%22%5B2%2C%22cWf0j209RMTPTI0GLnydGGffiEqBMg23%22%2C2592000%5D%22%3B%7D; _csrf=8aba7b8338766cdcd0f72690f7758010d74ff98e57e9c473fffc76ad56149997a%3A2%3A%7Bi%3A0%3Bs%3A5%3A%22_csrf%22%3Bi%3A1%3Bs%3A32%3A%22razGZR1LVk9xYW5yu52b0oTYYWTuz_Id%22%3B%7D; advanced-backend=2tp1mt7tj88452fgfqn2i5cie9; _identity-backend=c21560726a1b084fa9b163f4bcfba29a35368c4632e838fb3b5fe5534bc03b83a%3A2%3A%7Bi%3A0%3Bs%3A17%3A%22_identity-backend%22%3Bi%3A1%3Bs%3A46%3A%22%5B2%2C%22cWf0j209RMTPTI0GLnydGGffiEqBMg23%22%2C2592000%5D%22%3B%7D; _csrf-backend=99aa64a5759818563d078f6b849117a93fbf5f4d17b6a28c56c474dfdfbe9035a%3A2%3A%7Bi%3A0%3Bs%3A13%3A%22_csrf-backend%22%3Bi%3A1%3Bs%3A32%3A%22IGcnQnDL_81MtVgP-oAS2r9jdtc_lQpu%22%3B%7D'
    'PATH' => 'E:\\Xshell\\;C:\\Program Files (x86)\\Common Files\\Intel\\Shared Libraries\\redist\\intel64\\compiler;C:\\Program Files (x86)\\Intel\\iCLS Client\\;C:\\Program Files\\Intel\\iCLS Client\\;C:\\Windows\\system32;C:\\Windows;C:\\Windows\\System32\\Wbem;C:\\Windows\\System32\\WindowsPowerShell\\v1.0\\;C:\\Program Files (x86)\\Intel\\Intel(R) Management Engine Components\\DAL;C:\\Program Files\\Intel\\Intel(R) Management Engine Components\\DAL;C:\\Program Files (x86)\\Intel\\Intel(R) Management Engine Components\\IPT;C:\\Program Files\\Intel\\Intel(R) Management Engine Components\\IPT;C:\\Program Files (x86)\\NVIDIA Corporation\\PhysX\\Common;C:\\Program Files\\TortoiseSVN\\bin;E:\\xampp\\php;C:\\ProgramData\\ComposerSetup\\bin;C:\\Program Files\\Git\\cmd;C:\\WINDOWS\\system32;C:\\WINDOWS;C:\\WINDOWS\\System32\\Wbem;C:\\WINDOWS\\System32\\WindowsPowerShell\\v1.0\\;E:\\python\\;C:\\WINDOWS\\System32\\OpenSSH\\;E:\\VScode\\bin;C:\\bin;C:\\Users\\Lucifer\\AppData\\Local\\Microsoft\\WindowsApps;E:\\Bandizip\\;C:\\Users\\Lucifer\\AppData\\Roaming\\Composer\\vendor\\bin;E:\\Microsoft VS Code\\bin;C:\\Users\\Lucifer\\go\\bin;E:\\Print Conductor'
    'SystemRoot' => 'C:\\WINDOWS'
    'COMSPEC' => 'C:\\WINDOWS\\system32\\cmd.exe'
    'PATHEXT' => '.COM;.EXE;.BAT;.CMD;.VBS;.VBE;.JS;.JSE;.WSF;.WSH;.MSC'
    'WINDIR' => 'C:\\WINDOWS'
    'SERVER_SIGNATURE' => '<address>Apache/2.4.28 (Win32) OpenSSL/1.0.2l PHP/7.1.10 Server at binyin.com Port 80</address>
'
    'SERVER_SOFTWARE' => 'Apache/2.4.28 (Win32) OpenSSL/1.0.2l PHP/7.1.10'
    'SERVER_NAME' => 'binyin.com'
    'SERVER_ADDR' => '127.0.0.1'
    'SERVER_PORT' => '80'
    'REMOTE_ADDR' => '127.0.0.1'
    'DOCUMENT_ROOT' => 'D:/Self/Binyi/backend/web'
    'REQUEST_SCHEME' => 'http'
    'CONTEXT_PREFIX' => ''
    'CONTEXT_DOCUMENT_ROOT' => 'D:/Self/Binyi/backend/web'
    'SERVER_ADMIN' => 'postmaster@localhost'
    'SCRIPT_FILENAME' => 'D:/Self/Binyi/backend/web/index.php'
    'REMOTE_PORT' => '4232'
    'REDIRECT_URL' => '/user/index'
    'GATEWAY_INTERFACE' => 'CGI/1.1'
    'SERVER_PROTOCOL' => 'HTTP/1.1'
    'REQUEST_METHOD' => 'GET'
    'QUERY_STRING' => ''
    'REQUEST_URI' => '/user/index'
    'SCRIPT_NAME' => '/index.php'
    'PHP_SELF' => '/index.php'
    'REQUEST_TIME_FLOAT' => 1584698025.55
    'REQUEST_TIME' => 1584698025
]
